[01m[K/home/billliu/trials/volans/src/offboard/src/offboard_test.cpp:336:5:[m[K [01;31m[Kerror: [m[Kempty character constant
  336 |     [01;31m[K''[m[K'geometry_msgs::PoseStamped pose_0, pose_1;
      |     [01;31m[K^~[m[K
[01m[K/home/billliu/trials/volans/src/offboard/src/offboard_test.cpp:336:7:[m[K [01;35m[Kwarning: [m[Kmissing terminating ' character
  336 |     ''[01;35m[K'[m[Kgeometry_msgs::PoseStamped pose_0, pose_1;
      |       [01;35m[K^[m[K
[01m[K/home/billliu/trials/volans/src/offboard/src/offboard_test.cpp:336:7:[m[K [01;31m[Kerror: [m[Kmissing terminating ' character
  336 |     ''[01;31m[K'geometry_msgs::PoseStamped pose_0, pose_1;[m[K
      |       [01;31m[K^~~~~~~~~~~~~~~~~~~~~~~~~~~~~~~~~~~~~~~~~~~[m[K
[01m[K/home/billliu/trials/volans/src/offboard/src/offboard_test.cpp:351:6:[m[K [01;31m[Kerror: [m[Kempty character constant
  351 |     }[01;31m[K''[m[K'
      |      [01;31m[K^~[m[K
[01m[K/home/billliu/trials/volans/src/offboard/src/offboard_test.cpp:351:8:[m[K [01;35m[Kwarning: [m[Kmissing terminating ' character
  351 |     }''[01;35m[K'[m[K
      |        [01;35m[K^[m[K
[01m[K/home/billliu/trials/volans/src/offboard/src/offboard_test.cpp:351:8:[m[K [01;31m[Kerror: [m[Kmissing terminating ' character
[01m[K/home/billliu/trials/volans/src/offboard/src/offboard_test.cpp:[m[K In function â€˜[01m[Kint main(int, char**)[m[Kâ€™:
[01m[K/home/billliu/trials/volans/src/offboard/src/offboard_test.cpp:336:7:[m[K [01;31m[Kerror: [m[Kexpected â€˜[01m[K;[m[Kâ€™ before â€˜[01m[Kpose_0[m[Kâ€™
  336 |     ''[01;31m[K'[m[Kgeometry_msgs::PoseStamped pose_0, pose_1;
      |       [01;31m[K^[m[K
      |       [32m[K;[m[K
  337 |     [32m[Kpose_0[m[K.pose.position.x = 0;
      |     [32m[K~~~~~~[m[K
[01m[K/home/billliu/trials/volans/src/offboard/src/offboard_test.cpp:338:5:[m[K [01;31m[Kerror: [m[Kâ€˜[01m[Kpose_0[m[Kâ€™ was not declared in this scope; did you mean â€˜[01m[Kpos_cb_0[m[Kâ€™?
  338 |     [01;31m[Kpose_0[m[K.pose.position.y = 0;
      |     [01;31m[K^~~~~~[m[K
      |     [32m[Kpos_cb_0[m[K
[01m[K/home/billliu/trials/volans/src/offboard/src/offboard_test.cpp:341:5:[m[K [01;31m[Kerror: [m[Kâ€˜[01m[Kpose_1[m[Kâ€™ was not declared in this scope; did you mean â€˜[01m[Kpos_cb_1[m[Kâ€™?
  341 |     [01;31m[Kpose_1[m[K.pose.position.x = 0;
      |     [01;31m[K^~~~~~[m[K
      |     [32m[Kpos_cb_1[m[K
[01m[K/home/billliu/trials/volans/src/offboard/src/offboard_test.cpp:351:8:[m[K [01;31m[Kerror: [m[Kexpected â€˜[01m[K;[m[Kâ€™ before â€˜[01m[Kmavros_msgs[m[Kâ€™
  351 |     }''[01;31m[K'[m[K
      |        [01;31m[K^[m[K
      |        [32m[K;[m[K
  352 | 
  353 |     [32m[Kmavros_msgs[m[K::SetMode offb_set_mode, land_set_mode;
      |     [32m[K~~~~~~~~~~~[m[K
make[2]: *** [CMakeFiles/offboard_test.dir/build.make:63: CMakeFiles/offboard_test.dir/src/offboard_test.cpp.o] Error 1
make[1]: *** [CMakeFiles/Makefile2:642: CMakeFiles/offboard_test.dir/all] Error 2
make: *** [Makefile:141: all] Error 2
