[01m[K/home/billliu/trials/volans/src/offboard/src/class.cpp:[m[K In function â€˜[01m[Kint main(int, char**)[m[Kâ€™:
[01m[K/home/billliu/trials/volans/src/offboard/src/class.cpp:68:17:[m[K [01;31m[Kerror: [m[Kâ€˜[01m[Kwp[m[Kâ€™ was not declared in this scope
   68 |         cout << [01;31m[Kwp[m[K.pose.position.x << endl;
      |                 [01;31m[K^~[m[K
make[2]: *** [CMakeFiles/offboard_test.dir/build.make:63: CMakeFiles/offboard_test.dir/src/class.cpp.o] Error 1
make[1]: *** [CMakeFiles/Makefile2:704: CMakeFiles/offboard_test.dir/all] Error 2
make: *** [Makefile:141: all] Error 2
