[01m[K/home/billliu/trials/volans/src/offboard/src/square_multi_test.cpp:[m[K In function â€˜[01m[Kint main(int, char**)[m[Kâ€™:
[01m[K/home/billliu/trials/volans/src/offboard/src/square_multi_test.cpp:400:50:[m[K [01;31m[Kerror: [m[Kâ€˜[01m[KCommandBool[m[Kâ€™ is not a member of â€˜[01m[Kmavros_msgs[m[Kâ€™
  400 |   arming_client0 = nh.serviceClient<mavros_msgs::[01;31m[KCommandBool[m[K>("uav0/mavros/cmd/arming");
      |                                                  [01;31m[K^~~~~~~~~~~[m[K
[01m[K/home/billliu/trials/volans/src/offboard/src/square_multi_test.cpp:400:50:[m[K [01;31m[Kerror: [m[Kâ€˜[01m[KCommandBool[m[Kâ€™ is not a member of â€˜[01m[Kmavros_msgs[m[Kâ€™
[01m[K/home/billliu/trials/volans/src/offboard/src/square_multi_test.cpp:400:87:[m[K [01;31m[Kerror: [m[Kno matching function for call to â€˜[01m[Kros::NodeHandle::serviceClient<<expression error> >(const char [23])[m[Kâ€™
  400 |   arming_client0 = nh.serviceClient<mavros_msgs::CommandBool>("uav0/mavros/cmd/arming"[01;31m[K)[m[K;
      |                                                                                       [01;31m[K^[m[K
In file included from [01m[K/opt/ros/noetic/include/ros/ros.h:45[m[K,
                 from [01m[K/home/billliu/trials/volans/src/offboard/src/square_multi_test.cpp:1[m[K:
[01m[K/opt/ros/noetic/include/ros/node_handle.h:1240:17:[m[K [01;36m[Knote: [m[Kcandidate: â€˜[01m[Ktemplate<class MReq, class MRes> ros::ServiceClient ros::NodeHandle::serviceClient(const string&, bool, const M_string&)[m[Kâ€™
 1240 |   ServiceClient [01;36m[KserviceClient[m[K(const std::string& service_name, bool persistent = false,
      |                 [01;36m[K^~~~~~~~~~~~~[m[K
[01m[K/opt/ros/noetic/include/ros/node_handle.h:1240:17:[m[K [01;36m[Knote: [m[K  template argument deduction/substitution failed:
[01m[K/home/billliu/trials/volans/src/offboard/src/square_multi_test.cpp:400:87:[m[K [01;31m[Kerror: [m[Ktemplate argument 1 is invalid
  400 |   arming_client0 = nh.serviceClient<mavros_msgs::CommandBool>("uav0/mavros/cmd/arming"[01;31m[K)[m[K;
      |                                                                                       [01;31m[K^[m[K
In file included from [01m[K/opt/ros/noetic/include/ros/ros.h:45[m[K,
                 from [01m[K/home/billliu/trials/volans/src/offboard/src/square_multi_test.cpp:1[m[K:
[01m[K/opt/ros/noetic/include/ros/node_handle.h:1260:17:[m[K [01;36m[Knote: [m[Kcandidate: â€˜[01m[Ktemplate<class Service> ros::ServiceClient ros::NodeHandle::serviceClient(const string&, bool, const M_string&)[m[Kâ€™
 1260 |   ServiceClient [01;36m[KserviceClient[m[K(const std::string& service_name, bool persistent = false,
      |                 [01;36m[K^~~~~~~~~~~~~[m[K
[01m[K/opt/ros/noetic/include/ros/node_handle.h:1260:17:[m[K [01;36m[Knote: [m[K  template argument deduction/substitution failed:
[01m[K/home/billliu/trials/volans/src/offboard/src/square_multi_test.cpp:400:87:[m[K [01;31m[Kerror: [m[Ktemplate argument 1 is invalid
  400 |   arming_client0 = nh.serviceClient<mavros_msgs::CommandBool>("uav0/mavros/cmd/arming"[01;31m[K)[m[K;
      |                                                                                       [01;31m[K^[m[K
[01m[K/home/billliu/trials/volans/src/offboard/src/square_multi_test.cpp:401:49:[m[K [01;31m[Kerror: [m[Kâ€˜[01m[KCommandBool[m[Kâ€™ is not a member of â€˜[01m[Kmavros_msgs[m[Kâ€™
  401 |  arming_client1 = nh.serviceClient<mavros_msgs::[01;31m[KCommandBool[m[K>("uav0/mavros/cmd/arming");
      |                                                 [01;31m[K^~~~~~~~~~~[m[K
[01m[K/home/billliu/trials/volans/src/offboard/src/square_multi_test.cpp:401:49:[m[K [01;31m[Kerror: [m[Kâ€˜[01m[KCommandBool[m[Kâ€™ is not a member of â€˜[01m[Kmavros_msgs[m[Kâ€™
[01m[K/home/billliu/trials/volans/src/offboard/src/square_multi_test.cpp:401:86:[m[K [01;31m[Kerror: [m[Kno matching function for call to â€˜[01m[Kros::NodeHandle::serviceClient<<expression error> >(const char [23])[m[Kâ€™
  401 |  arming_client1 = nh.serviceClient<mavros_msgs::CommandBool>("uav0/mavros/cmd/arming"[01;31m[K)[m[K;
      |                                                                                      [01;31m[K^[m[K
In file included from [01m[K/opt/ros/noetic/include/ros/ros.h:45[m[K,
                 from [01m[K/home/billliu/trials/volans/src/offboard/src/square_multi_test.cpp:1[m[K:
[01m[K/opt/ros/noetic/include/ros/node_handle.h:1240:17:[m[K [01;36m[Knote: [m[Kcandidate: â€˜[01m[Ktemplate<class MReq, class MRes> ros::ServiceClient ros::NodeHandle::serviceClient(const string&, bool, const M_string&)[m[Kâ€™
 1240 |   ServiceClient [01;36m[KserviceClient[m[K(const std::string& service_name, bool persistent = false,
      |                 [01;36m[K^~~~~~~~~~~~~[m[K
[01m[K/opt/ros/noetic/include/ros/node_handle.h:1240:17:[m[K [01;36m[Knote: [m[K  template argument deduction/substitution failed:
[01m[K/home/billliu/trials/volans/src/offboard/src/square_multi_test.cpp:401:86:[m[K [01;31m[Kerror: [m[Ktemplate argument 1 is invalid
  401 |  arming_client1 = nh.serviceClient<mavros_msgs::CommandBool>("uav0/mavros/cmd/arming"[01;31m[K)[m[K;
      |                                                                                      [01;31m[K^[m[K
In file included from [01m[K/opt/ros/noetic/include/ros/ros.h:45[m[K,
                 from [01m[K/home/billliu/trials/volans/src/offboard/src/square_multi_test.cpp:1[m[K:
[01m[K/opt/ros/noetic/include/ros/node_handle.h:1260:17:[m[K [01;36m[Knote: [m[Kcandidate: â€˜[01m[Ktemplate<class Service> ros::ServiceClient ros::NodeHandle::serviceClient(const string&, bool, const M_string&)[m[Kâ€™
 1260 |   ServiceClient [01;36m[KserviceClient[m[K(const std::string& service_name, bool persistent = false,
      |                 [01;36m[K^~~~~~~~~~~~~[m[K
[01m[K/opt/ros/noetic/include/ros/node_handle.h:1260:17:[m[K [01;36m[Knote: [m[K  template argument deduction/substitution failed:
[01m[K/home/billliu/trials/volans/src/offboard/src/square_multi_test.cpp:401:86:[m[K [01;31m[Kerror: [m[Ktemplate argument 1 is invalid
  401 |  arming_client1 = nh.serviceClient<mavros_msgs::CommandBool>("uav0/mavros/cmd/arming"[01;31m[K)[m[K;
      |                                                                                      [01;31m[K^[m[K
[01m[K/home/billliu/trials/volans/src/offboard/src/square_multi_test.cpp:416:18:[m[K [01;31m[Kerror: [m[Kâ€˜[01m[KCommandBool[m[Kâ€™ is not a member of â€˜[01m[Kmavros_msgs[m[Kâ€™
  416 |     mavros_msgs::[01;31m[KCommandBool[m[K arm_cmd;
      |                  [01;31m[K^~~~~~~~~~~[m[K
[01m[K/home/billliu/trials/volans/src/offboard/src/square_multi_test.cpp:417:5:[m[K [01;31m[Kerror: [m[Kâ€˜[01m[Karm_cmd[m[Kâ€™ was not declared in this scope
  417 |     [01;31m[Karm_cmd[m[K.request.value = true;
      |     [01;31m[K^~~~~~~[m[K
make[2]: *** [CMakeFiles/square_node.dir/build.make:63: CMakeFiles/square_node.dir/src/square_multi_test.cpp.o] Error 1
make[1]: *** [CMakeFiles/Makefile2:212: CMakeFiles/square_node.dir/all] Error 2
make: *** [Makefile:141: all] Error 2
