[01m[K/home/billliu/trials/volans/src/offboard/src/offboard_test.cpp:[m[K In function â€˜[01m[Kvoid FlyState_update()[m[Kâ€™:
[01m[K/home/billliu/trials/volans/src/offboard/src/offboard_test.cpp:190:17:[m[K [01;31m[Kerror: [m[Kâ€˜[01m[Ktf2[m[Kâ€™ has not been declared
  190 |                 [01;31m[Ktf2[m[K::Quaternion q;
      |                 [01;31m[K^~~[m[K
[01m[K/home/billliu/trials/volans/src/offboard/src/offboard_test.cpp:191:11:[m[K [01;31m[Kerror: [m[Kâ€˜[01m[Kq[m[Kâ€™ was not declared in this scope
  191 |           [01;31m[Kq[m[K.setRPY(0, pi/6, pi/2);
      |           [01;31m[K^[m[K
[01m[K/home/billliu/trials/volans/src/offboard/src/offboard_test.cpp:193:17:[m[K [01;31m[Kerror: [m[Kâ€˜[01m[Kpos_target_0_pose[m[Kâ€™ was not declared in this scope; did you mean â€˜[01m[Kpos_target_0[m[Kâ€™?
  193 |                 [01;31m[Kpos_target_0_pose[m[K.orientation = q;
      |                 [01;31m[K^~~~~~~~~~~~~~~~~[m[K
      |                 [32m[Kpos_target_0[m[K
make[2]: *** [CMakeFiles/offboard_test.dir/build.make:63: CMakeFiles/offboard_test.dir/src/offboard_test.cpp.o] Error 1
make[1]: *** [CMakeFiles/Makefile2:644: CMakeFiles/offboard_test.dir/all] Error 2
make: *** [Makefile:141: all] Error 2
