In file included from [01m[K/home/billliu/trials/volans/src/offboard/src/main.cpp:12[m[K:
[01m[K/home/billliu/trials/volans/src/offboard/src/uav_local.hpp:[m[K In member function â€˜[01m[Kvoid Uav_global::flystate_update()[m[Kâ€™:
[01m[K/home/billliu/trials/volans/src/offboard/src/uav_local.hpp:102:25:[m[K [01;31m[Kerror: [m[Kâ€˜[01m[Kinterest[m[Kâ€™ was not declared in this scope
  102 |                         [01;31m[Kinterest[m[K.push_back(target_pose);
      |                         [01;31m[K^~~~~~~~[m[K
[01m[K/home/billliu/trials/volans/src/offboard/src/uav_local.hpp:[m[K At global scope:
[01m[K/home/billliu/trials/volans/src/offboard/src/uav_local.hpp:134:7:[m[K [01;31m[Kerror: [m[Kredefinition of â€˜[01m[Kclass Uav_local[m[Kâ€™
  134 | class [01;31m[KUav_local[m[K: public Uav
      |       [01;31m[K^~~~~~~~~[m[K
[01m[K/home/billliu/trials/volans/src/offboard/src/uav_local.hpp:16:7:[m[K [01;36m[Knote: [m[Kprevious definition of â€˜[01m[Kclass Uav_local[m[Kâ€™
   16 | class [01;36m[KUav_local[m[K:public Uav{};
      |       [01;36m[K^~~~~~~~~[m[K
[01m[K/home/billliu/trials/volans/src/offboard/src/uav_local.hpp:152:6:[m[K [01;31m[Kerror: [m[Kno declaration matches â€˜[01m[Kvoid Uav_local::init_mission(ros::NodeHandle)[m[Kâ€™
  152 | void [01;31m[KUav_local[m[K::init_mission(ros::NodeHandle nh)
      |      [01;31m[K^~~~~~~~~[m[K
[01m[K/home/billliu/trials/volans/src/offboard/src/uav_local.hpp:152:6:[m[K [01;36m[Knote: [m[Kno functions named â€˜[01m[Kvoid Uav_local::init_mission(ros::NodeHandle)[m[Kâ€™
[01m[K/home/billliu/trials/volans/src/offboard/src/uav_local.hpp:16:7:[m[K [01;36m[Knote: [m[Kâ€˜[01m[Kclass Uav_local[m[Kâ€™ defined here
   16 | class [01;36m[KUav_local[m[K:public Uav{};
      |       [01;36m[K^~~~~~~~~[m[K
[01m[K/home/billliu/trials/volans/src/offboard/src/uav_local.hpp:157:6:[m[K [01;31m[Kerror: [m[Kno declaration matches â€˜[01m[Kvoid Uav_local::follow()[m[Kâ€™
  157 | void [01;31m[KUav_local[m[K::follow()
      |      [01;31m[K^~~~~~~~~[m[K
[01m[K/home/billliu/trials/volans/src/offboard/src/uav_local.hpp:157:6:[m[K [01;36m[Knote: [m[Kno functions named â€˜[01m[Kvoid Uav_local::follow()[m[Kâ€™
[01m[K/home/billliu/trials/volans/src/offboard/src/uav_local.hpp:16:7:[m[K [01;36m[Knote: [m[Kâ€˜[01m[Kclass Uav_local[m[Kâ€™ defined here
   16 | class [01;36m[KUav_local[m[K:public Uav{};
      |       [01;36m[K^~~~~~~~~[m[K
[01m[K/home/billliu/trials/volans/src/offboard/src/uav_local.hpp:167:6:[m[K [01;31m[Kerror: [m[Kno declaration matches â€˜[01m[Kvoid Uav_local::flystate_update()[m[Kâ€™
  167 | void [01;31m[KUav_local[m[K::flystate_update()
      |      [01;31m[K^~~~~~~~~[m[K
[01m[K/home/billliu/trials/volans/src/offboard/src/uav_local.hpp:167:6:[m[K [01;36m[Knote: [m[Kno functions named â€˜[01m[Kvoid Uav_local::flystate_update()[m[Kâ€™
[01m[K/home/billliu/trials/volans/src/offboard/src/uav_local.hpp:16:7:[m[K [01;36m[Knote: [m[Kâ€˜[01m[Kclass Uav_local[m[Kâ€™ defined here
   16 | class [01;36m[KUav_local[m[K:public Uav{};
      |       [01;36m[K^~~~~~~~~[m[K
[01m[K/home/billliu/trials/volans/src/offboard/src/main.cpp:26:36:[m[K [01;31m[Kerror: [m[Kno matching function for call to â€˜[01m[KUav_global::Uav_global(int, double&, double&)[m[Kâ€™
   26 | Uav_global uav0(0, height_h, c_high[01;31m[K)[m[K;
      |                                    [01;31m[K^[m[K
In file included from [01m[K/home/billliu/trials/volans/src/offboard/src/main.cpp:12[m[K:
[01m[K/home/billliu/trials/volans/src/offboard/src/uav_local.hpp:18:7:[m[K [01;36m[Knote: [m[Kcandidate: â€˜[01m[KUav_global::Uav_global(const Uav_global&)[m[Kâ€™
   18 | class [01;36m[KUav_global[m[K: public Uav
      |       [01;36m[K^~~~~~~~~~[m[K
[01m[K/home/billliu/trials/volans/src/offboard/src/uav_local.hpp:18:7:[m[K [01;36m[Knote: [m[K  candidate expects 1 argument, 3 provided
[01m[K/home/billliu/trials/volans/src/offboard/src/uav_local.hpp:18:7:[m[K [01;36m[Knote: [m[Kcandidate: â€˜[01m[KUav_global::Uav_global(Uav_global&&)[m[Kâ€™
[01m[K/home/billliu/trials/volans/src/offboard/src/uav_local.hpp:18:7:[m[K [01;36m[Knote: [m[K  candidate expects 1 argument, 3 provided
[01m[K/home/billliu/trials/volans/src/offboard/src/main.cpp:27:41:[m[K [01;31m[Kerror: [m[Kno matching function for call to â€˜[01m[KUav_local::Uav_local(int, double&, double&, Uav_global*)[m[Kâ€™
   27 | Uav_local uav1(1, height_l, c_low, &uav0[01;31m[K)[m[K;
      |                                         [01;31m[K^[m[K
In file included from [01m[K/home/billliu/trials/volans/src/offboard/src/main.cpp:12[m[K:
[01m[K/home/billliu/trials/volans/src/offboard/src/uav_local.hpp:16:7:[m[K [01;36m[Knote: [m[Kcandidate: â€˜[01m[KUav_local::Uav_local(const Uav_local&)[m[Kâ€™
   16 | class [01;36m[KUav_local[m[K:public Uav{};
      |       [01;36m[K^~~~~~~~~[m[K
[01m[K/home/billliu/trials/volans/src/offboard/src/uav_local.hpp:16:7:[m[K [01;36m[Knote: [m[K  candidate expects 1 argument, 4 provided
[01m[K/home/billliu/trials/volans/src/offboard/src/uav_local.hpp:16:7:[m[K [01;36m[Knote: [m[Kcandidate: â€˜[01m[KUav_local::Uav_local(Uav_local&&)[m[Kâ€™
[01m[K/home/billliu/trials/volans/src/offboard/src/uav_local.hpp:16:7:[m[K [01;36m[Knote: [m[K  candidate expects 1 argument, 4 provided
[01m[K/home/billliu/trials/volans/src/offboard/src/main.cpp:[m[K In function â€˜[01m[Kint main(int, char**)[m[Kâ€™:
[01m[K/home/billliu/trials/volans/src/offboard/src/main.cpp:47:10:[m[K [01;31m[Kerror: [m[Kâ€˜[01m[Kclass Uav_local[m[Kâ€™ has no member named â€˜[01m[Kinit_mission[m[Kâ€™
   47 |     uav1.[01;31m[Kinit_mission[m[K(nh);
      |          [01;31m[K^~~~~~~~~~~~[m[K
make[2]: *** [CMakeFiles/offboard_test.dir/build.make:63: CMakeFiles/offboard_test.dir/src/main.cpp.o] Error 1
make[1]: *** [CMakeFiles/Makefile2:704: CMakeFiles/offboard_test.dir/all] Error 2
make: *** [Makefile:141: all] Error 2
