In file included from [01m[K/home/billliu/trials/volans/src/offboard/src/main.cpp:11[m[K:
[01m[K/home/billliu/trials/volans/src/offboard/src/uav.hpp:[m[K In member function â€˜[01m[Kvoid Uav::publish_attitude(geometry_msgs::PoseStamped)[m[Kâ€™:
[01m[K/home/billliu/trials/volans/src/offboard/src/uav.hpp:112:32:[m[K [01;31m[Kerror: [m[Kexpected primary-expression before â€˜[01m[Ktmp[m[Kâ€™
  112 |     geometry_msgs::PoseStamped [01;31m[Ktmp[m[K;
      |                                [01;31m[K^~~[m[K
[01m[K/home/billliu/trials/volans/src/offboard/src/uav.hpp:112:32:[m[K [01;31m[Kerror: [m[Kreturn-statement with a value, in function returning â€˜[01m[Kvoid[m[Kâ€™ [[01;31m[K-fpermissive[m[K]
[01m[K/home/billliu/trials/volans/src/offboard/src/uav.hpp:112:31:[m[K [01;31m[Kerror: [m[Kexpected â€˜[01m[K;[m[Kâ€™ before â€˜[01m[Ktmp[m[Kâ€™
  112 |     geometry_msgs::PoseStamped[01;31m[K [m[K[32m[Ktmp[m[K;
      |                               [01;31m[K^[m[K[32m[K~~~[m[K
      |                               [32m[K;[m[K
[01m[K/home/billliu/trials/volans/src/offboard/src/uav.hpp:112:32:[m[K [01;31m[Kerror: [m[Kâ€˜[01m[Ktmp[m[Kâ€™ was not declared in this scope; did you mean â€˜[01m[Ktm[m[Kâ€™?
  112 |     geometry_msgs::PoseStamped [01;31m[Ktmp[m[K;
      |                                [01;31m[K^~~[m[K
      |                                [32m[Ktm[m[K
make[2]: *** [CMakeFiles/offboard_test.dir/build.make:63: CMakeFiles/offboard_test.dir/src/main.cpp.o] Error 1
make[1]: *** [CMakeFiles/Makefile2:704: CMakeFiles/offboard_test.dir/all] Error 2
make: *** [Makefile:141: all] Error 2
