[01m[K/home/billliu/trials/volans/src/offboard/src/offboard_test.cpp:[m[K In function â€˜[01m[Kint main(int, char**)[m[Kâ€™:
[01m[K/home/billliu/trials/volans/src/offboard/src/offboard_test.cpp:371:17:[m[K [01;31m[Kerror: [m[Kâ€˜[01m[Ksetpoint[m[Kâ€™ was not declared in this scope; did you mean â€˜[01m[Ksetpoints[m[Kâ€™?
  371 |         cout << [01;31m[Ksetpoint[m[K[i][0] << " " << setpoint[i][1] << endl;
      |                 [01;31m[K^~~~~~~~[m[K
      |                 [32m[Ksetpoints[m[K
make[2]: *** [CMakeFiles/offboard.dir/build.make:63: CMakeFiles/offboard.dir/src/offboard_test.cpp.o] Error 1
make[1]: *** [CMakeFiles/Makefile2:941: CMakeFiles/offboard.dir/all] Error 2
make: *** [Makefile:141: all] Error 2
