In file included from [01m[K/home/billliu/trials/volans/src/offboard/src/main.cpp:11[m[K:
[01m[K/home/billliu/trials/volans/src/offboard/src/uav.hpp:[m[K In member function â€˜[01m[Kvoid Uav::publish_setpoint(const VectorXd&)[m[Kâ€™:
[01m[K/home/billliu/trials/volans/src/offboard/src/uav.hpp:134:5:[m[K [01;31m[Kerror: [m[Kâ€˜[01m[Ksetpointl_pub[m[Kâ€™ was not declared in this scope; did you mean â€˜[01m[Ksetpoint_pub[m[Kâ€™?
  134 |     [01;31m[Ksetpointl_pub[m[K.publish(pos_setpoint);
      |     [01;31m[K^~~~~~~~~~~~~[m[K
      |     [32m[Ksetpoint_pub[m[K
In file included from [01m[K/home/billliu/trials/volans/src/offboard/src/main.cpp:12[m[K:
[01m[K/home/billliu/trials/volans/src/offboard/src/uav_local.hpp:[m[K In member function â€˜[01m[Kvoid Uav_global::flystate_update()[m[Kâ€™:
[01m[K/home/billliu/trials/volans/src/offboard/src/uav_local.hpp:131:78:[m[K [01;31m[Kerror: [m[Kâ€˜[01m[KEigen::VectorXd[m[Kâ€™ {aka â€˜[01m[Kclass Eigen::Matrix<double, -1, 1>[m[Kâ€™} has no member named â€˜[01m[Kpose[m[Kâ€™
  131 |                         cout << "found interesting cell at (" << target_pose.[01;31m[Kpose[m[K.position.x << " " <<
      |                                                                              [01;31m[K^~~~[m[K
[01m[K/home/billliu/trials/volans/src/offboard/src/uav_local.hpp:132:45:[m[K [01;31m[Kerror: [m[Kâ€˜[01m[KEigen::VectorXd[m[Kâ€™ {aka â€˜[01m[Kclass Eigen::Matrix<double, -1, 1>[m[Kâ€™} has no member named â€˜[01m[Kpose[m[Kâ€™
  132 |                                 target_pose.[01;31m[Kpose[m[K.position.y << ")" << endl;
      |                                             [01;31m[K^~~~[m[K
make[2]: *** [CMakeFiles/offboard_test.dir/build.make:63: CMakeFiles/offboard_test.dir/src/main.cpp.o] Error 1
make[1]: *** [CMakeFiles/Makefile2:704: CMakeFiles/offboard_test.dir/all] Error 2
make: *** [Makefile:141: all] Error 2
