In file included from [01m[K/home/billliu/trials/volans/src/offboard/src/class.cpp:6[m[K:
[01m[K/home/billliu/trials/volans/src/offboard/src/uav.hpp:51:14:[m[K [01;31m[Kerror: [m[KISO C++ forbids declaration of â€˜[01m[Kuav[m[Kâ€™ with no type [[01;31m[K-fpermissive[m[K]
   51 |     uav(int c[01;31m[K)[m[K{code = c; name = "uav" + to_string(code); move_time_cnt = 0;}
      |              [01;31m[K^[m[K
[01m[K/home/billliu/trials/volans/src/offboard/src/uav.hpp:[m[K In member function â€˜[01m[Kint Uav::uav(int)[m[Kâ€™:
[01m[K/home/billliu/trials/volans/src/offboard/src/uav.hpp:51:76:[m[K [01;35m[Kwarning: [m[Kno return statement in function returning non-void [[01;35m[K-Wreturn-type[m[K]
   51 |     uav(int c){code = c; name = "uav" + to_string(code); move_time_cnt = 0;[01;35m[K}[m[K
      |                                                                            [01;35m[K^[m[K
[01m[K/home/billliu/trials/volans/src/offboard/src/class.cpp:[m[K At global scope:
[01m[K/home/billliu/trials/volans/src/offboard/src/class.cpp:21:1:[m[K [01;31m[Kerror: [m[Kâ€˜[01m[Kuav[m[Kâ€™ does not name a type; did you mean â€˜[01m[KUav[m[Kâ€™?
   21 | [01;31m[Kuav[m[K uav0(0);
      | [01;31m[K^~~[m[K
      | [32m[KUav[m[K
[01m[K/home/billliu/trials/volans/src/offboard/src/class.cpp:[m[K In function â€˜[01m[Kvoid FlyState_update()[m[Kâ€™:
[01m[K/home/billliu/trials/volans/src/offboard/src/class.cpp:35:5:[m[K [01;31m[Kerror: [m[Kâ€˜[01m[Kuav0[m[Kâ€™ was not declared in this scope
   35 |     [01;31m[Kuav0[m[K.flystate_update();
      |     [01;31m[K^~~~[m[K
[01m[K/home/billliu/trials/volans/src/offboard/src/class.cpp:[m[K In function â€˜[01m[Kint main(int, char**)[m[Kâ€™:
[01m[K/home/billliu/trials/volans/src/offboard/src/class.cpp:43:5:[m[K [01;31m[Kerror: [m[Kâ€˜[01m[Kuav0[m[Kâ€™ was not declared in this scope
   43 |     [01;31m[Kuav0[m[K.init(nh);
      |     [01;31m[K^~~~[m[K
make[2]: *** [CMakeFiles/offboard_test.dir/build.make:63: CMakeFiles/offboard_test.dir/src/class.cpp.o] Error 1
make[1]: *** [CMakeFiles/Makefile2:704: CMakeFiles/offboard_test.dir/all] Error 2
make: *** [Makefile:141: all] Error 2
