[01m[K/home/billliu/trials/volans/src/offboard/src/class.cpp:[m[K In function â€˜[01m[Kint main(int, char**)[m[Kâ€™:
[01m[K/home/billliu/trials/volans/src/offboard/src/class.cpp:68:25:[m[K [01;31m[Kerror: [m[Kâ€˜[01m[Kclass std::vector<geometry_msgs::PoseStamped_<std::allocator<void> > >[m[Kâ€™ has no member named â€˜[01m[Kpose[m[Kâ€™
   68 |         cout << uav0.wp.[01;31m[Kpose[m[K.position.x << endl;
      |                         [01;31m[K^~~~[m[K
make[2]: *** [CMakeFiles/offboard_test.dir/build.make:63: CMakeFiles/offboard_test.dir/src/class.cpp.o] Error 1
make[1]: *** [CMakeFiles/Makefile2:704: CMakeFiles/offboard_test.dir/all] Error 2
make: *** [Makefile:141: all] Error 2
