In file included from [01m[K/home/billliu/trials/volans/src/offboard/src/main.cpp:12[m[K:
[01m[K/home/billliu/trials/volans/src/offboard/src/uav_local.hpp:[m[K In member function â€˜[01m[Kvoid Uav_local::init_mission(ros::NodeHandle)[m[Kâ€™:
[01m[K/home/billliu/trials/volans/src/offboard/src/uav_local.hpp:166:32:[m[K [01;31m[Kerror: [m[Kâ€˜[01m[Kname[m[Kâ€™ was not declared in this scope
  166 |     mission_sub = nh.subscribe([01;31m[Kname[m[K + "/mission", 10, &Uav_local::mission_cb, this);
      |                                [01;31m[K^~~~[m[K
make[2]: *** [CMakeFiles/offboard_test.dir/build.make:63: CMakeFiles/offboard_test.dir/src/main.cpp.o] Error 1
make[1]: *** [CMakeFiles/Makefile2:704: CMakeFiles/offboard_test.dir/all] Error 2
make: *** [Makefile:141: all] Error 2
