[01m[K/home/billliu/trials/volans/src/offboard/src/offboard_test.cpp:[m[K In function â€˜[01m[Kint main(int, char**)[m[Kâ€™:
[01m[K/home/billliu/trials/volans/src/offboard/src/offboard_test.cpp:68:33:[m[K [01;31m[Kerror: [m[Kâ€˜[01m[Kpose[m[Kâ€™ was not declared in this scope; did you mean â€˜[01m[Kpose_1[m[Kâ€™?
   68 |         local_pos_pub_0.publish([01;31m[Kpose[m[K);
      |                                 [01;31m[K^~~~[m[K
      |                                 [32m[Kpose_1[m[K
make[2]: *** [CMakeFiles/offboard_test.dir/build.make:63: CMakeFiles/offboard_test.dir/src/offboard_test.cpp.o] Error 1
make[1]: *** [CMakeFiles/Makefile2:671: CMakeFiles/offboard_test.dir/all] Error 2
make: *** [Makefile:141: all] Error 2
