[01m[K/home/billliu/trials/volans/src/offboard/src/offboard_test.cpp:[m[K In function â€˜[01m[Kvoid FlyState_update()[m[Kâ€™:
[01m[K/home/billliu/trials/volans/src/offboard/src/offboard_test.cpp:256:48:[m[K [01;31m[Kerror: [m[Kâ€˜[01m[Kheight_1[m[Kâ€™ was not declared in this scope; did you mean â€˜[01m[Kheigth_1[m[Kâ€™?
  256 |                 pos_target_1.pose.position.z = [01;31m[Kheight_1[m[K;
      |                                                [01;31m[K^~~~~~~~[m[K
      |                                                [32m[Kheigth_1[m[K
[01m[K/home/billliu/trials/volans/src/offboard/src/offboard_test.cpp:262:48:[m[K [01;31m[Kerror: [m[Kâ€˜[01m[Kheight_1[m[Kâ€™ was not declared in this scope; did you mean â€˜[01m[Kheigth_1[m[Kâ€™?
  262 |                 pos_target_1.pose.position.z = [01;31m[Kheight_1[m[K;
      |                                                [01;31m[K^~~~~~~~[m[K
      |                                                [32m[Kheigth_1[m[K
[01m[K/home/billliu/trials/volans/src/offboard/src/offboard_test.cpp:278:44:[m[K [01;31m[Kerror: [m[Kâ€˜[01m[Kheight_1[m[Kâ€™ was not declared in this scope; did you mean â€˜[01m[Kheigth_1[m[Kâ€™?
  278 |             pos_target_1.pose.position.z = [01;31m[Kheight_1[m[K;
      |                                            [01;31m[K^~~~~~~~[m[K
      |                                            [32m[Kheigth_1[m[K
make[2]: *** [CMakeFiles/offboard_test.dir/build.make:63: CMakeFiles/offboard_test.dir/src/offboard_test.cpp.o] Error 1
make[1]: *** [CMakeFiles/Makefile2:644: CMakeFiles/offboard_test.dir/all] Error 2
make: *** [Makefile:141: all] Error 2
