In file included from [01m[K/home/billliu/trials/volans/src/offboard/src/test.cpp:13[m[K:
[01m[K/home/billliu/trials/volans/src/offboard/src/flight_patterns.hpp:[m[K In function â€˜[01m[Kstd::vector<geometry_msgs::PoseStamped_<std::allocator<void> > > square(double, double, double, double, int)[m[Kâ€™:
[01m[K/home/billliu/trials/volans/src/offboard/src/flight_patterns.hpp:46:18:[m[K [01;31m[Kerror: [m[Kâ€˜[01m[Kgeometry_msgs::PoseStamped_<std::allocator<void> >::_pose_type[m[Kâ€™ {aka â€˜[01m[Kstruct geometry_msgs::Pose_<std::allocator<void> >[m[Kâ€™} has no member named â€˜[01m[Kz[m[Kâ€™
   46 |         tmp.pose.[01;31m[Kz[m[K = height;
      |                  [01;31m[K^[m[K
[01m[K/home/billliu/trials/volans/src/offboard/src/flight_patterns.hpp:53:7:[m[K [01;31m[Kerror: [m[Kâ€˜[01m[Kclass std::vector<geometry_msgs::PoseStamped_<std::allocator<void> > >[m[Kâ€™ has no member named â€˜[01m[Kpush[m[Kâ€™
   53 |    wp.[01;31m[Kpush[m[K(tmp);
      |       [01;31m[K^~~~[m[K
[01m[K/home/billliu/trials/volans/src/offboard/src/flight_patterns.hpp:61:7:[m[K [01;31m[Kerror: [m[Kâ€˜[01m[Kclass std::vector<geometry_msgs::PoseStamped_<std::allocator<void> > >[m[Kâ€™ has no member named â€˜[01m[Kpush[m[Kâ€™
   61 |    wp.[01;31m[Kpush[m[K(tmp);
      |       [01;31m[K^~~~[m[K
[01m[K/home/billliu/trials/volans/src/offboard/src/flight_patterns.hpp:69:16:[m[K [01;31m[Kerror: [m[Kâ€˜[01m[Kclass std::vector<geometry_msgs::PoseStamped_<std::allocator<void> > >[m[Kâ€™ has no member named â€˜[01m[Kpush[m[Kâ€™
   69 |             wp.[01;31m[Kpush[m[K(tmp);
      |                [01;31m[K^~~~[m[K
[01m[K/home/billliu/trials/volans/src/offboard/src/flight_patterns.hpp:76:7:[m[K [01;31m[Kerror: [m[Kâ€˜[01m[Kclass std::vector<geometry_msgs::PoseStamped_<std::allocator<void> > >[m[Kâ€™ has no member named â€˜[01m[Kpush[m[Kâ€™
   76 |    wp.[01;31m[Kpush[m[K(tmp);
      |       [01;31m[K^~~~[m[K
make[2]: *** [CMakeFiles/offboard_test.dir/build.make:63: CMakeFiles/offboard_test.dir/src/test.cpp.o] Error 1
make[1]: *** [CMakeFiles/Makefile2:674: CMakeFiles/offboard_test.dir/all] Error 2
make: *** [Makefile:141: all] Error 2
