In file included from [01m[K/home/billliu/trials/volans/src/offboard/src/main.cpp:11[m[K:
[01m[K/home/billliu/trials/volans/src/offboard/src/uav.hpp:[m[K In member function â€˜[01m[Kvoid Uav::init(ros::NodeHandle)[m[Kâ€™:
[01m[K/home/billliu/trials/volans/src/offboard/src/uav.hpp:95:5:[m[K [01;31m[Kerror: [m[Kâ€˜[01m[Kmount_client[m[Kâ€™ was not declared in this scope
   95 |     [01;31m[Kmount_client[m[K = nh.serviceClient<mavros_msgs::MountConfigure>(name + "/mavros/mount_control/command");
      |     [01;31m[K^~~~~~~~~~~~[m[K
[01m[K/home/billliu/trials/volans/src/offboard/src/uav.hpp:103:18:[m[K [01;31m[Kerror: [m[Kâ€˜[01m[Kstruct mavros_msgs::MountConfigure[m[Kâ€™ has no member named â€˜[01m[Kstabilize_roll[m[Kâ€™
  103 |     mount_config.[01;31m[Kstabilize_roll[m[K = true;
      |                  [01;31m[K^~~~~~~~~~~~~~[m[K
[01m[K/home/billliu/trials/volans/src/offboard/src/uav.hpp:104:18:[m[K [01;31m[Kerror: [m[Kâ€˜[01m[Kstruct mavros_msgs::MountConfigure[m[Kâ€™ has no member named â€˜[01m[Kstabilize_pitch[m[Kâ€™
  104 |     mount_config.[01;31m[Kstabilize_pitch[m[K = true;
      |                  [01;31m[K^~~~~~~~~~~~~~~[m[K
[01m[K/home/billliu/trials/volans/src/offboard/src/uav.hpp:105:18:[m[K [01;31m[Kerror: [m[Kâ€˜[01m[Kstruct mavros_msgs::MountConfigure[m[Kâ€™ has no member named â€˜[01m[Kstabilize_yaw[m[Kâ€™
  105 |     mount_config.[01;31m[Kstabilize_yaw[m[K = true;
      |                  [01;31m[K^~~~~~~~~~~~~[m[K
In file included from [01m[K/home/billliu/trials/volans/src/offboard/src/main.cpp:11[m[K:
[01m[K/home/billliu/trials/volans/src/offboard/src/uav.hpp:[m[K In member function â€˜[01m[Kvoid Uav::publish_attitude(geometry_msgs::PoseStamped)[m[Kâ€™:
[01m[K/home/billliu/trials/volans/src/offboard/src/uav.hpp:153:5:[m[K [01;31m[Kerror: [m[Kâ€˜[01m[Kmount_client[m[Kâ€™ was not declared in this scope
  153 |     [01;31m[Kmount_client[m[K.call(mount_config);
      |     [01;31m[K^~~~~~~~~~~~[m[K
make[2]: *** [CMakeFiles/offboard_test.dir/build.make:63: CMakeFiles/offboard_test.dir/src/main.cpp.o] Error 1
make[1]: *** [CMakeFiles/Makefile2:704: CMakeFiles/offboard_test.dir/all] Error 2
make: *** [Makefile:141: all] Error 2
