In file included from [01m[K/home/billliu/trials/volans/src/offboard/src/main.cpp:11[m[K:
[01m[K/home/billliu/trials/volans/src/offboard/src/uav.hpp:[m[K In function â€˜[01m[Kvoid publish_position(geometry_msgs::PoseStamped)[m[Kâ€™:
[01m[K/home/billliu/trials/volans/src/offboard/src/uav.hpp:106:5:[m[K [01;31m[Kerror: [m[Kâ€˜[01m[Kposition_pub[m[Kâ€™ was not declared in this scope
  106 |     [01;31m[Kposition_pub[m[K.publish(tmp);
      |     [01;31m[K^~~~~~~~~~~~[m[K
[01m[K/home/billliu/trials/volans/src/offboard/src/uav.hpp:[m[K In function â€˜[01m[Kvoid publish_attitude(geometry_msgs::PoseStamped)[m[Kâ€™:
[01m[K/home/billliu/trials/volans/src/offboard/src/uav.hpp:120:5:[m[K [01;31m[Kerror: [m[Kâ€˜[01m[Kattitude_pub[m[Kâ€™ was not declared in this scope
  120 |     [01;31m[Kattitude_pub[m[K.publish(tmp);
      |     [01;31m[K^~~~~~~~~~~~[m[K
make[2]: *** [CMakeFiles/offboard_test.dir/build.make:63: CMakeFiles/offboard_test.dir/src/main.cpp.o] Error 1
make[1]: *** [CMakeFiles/Makefile2:704: CMakeFiles/offboard_test.dir/all] Error 2
make: *** [Makefile:141: all] Error 2
