[01m[K/home/billliu/trials/volans/src/offboard/src/square_test.cpp:[m[K In function â€˜[01m[Kint main(int, char**)[m[Kâ€™:
[01m[K/home/billliu/trials/volans/src/offboard/src/square_test.cpp:223:38:[m[K [01;31m[Kerror: [m[Kâ€˜[01m[Kdesire_Radius[m[Kâ€™ was not declared in this scope
  223 |     nh.param<float>("desire_Radius", [01;31m[Kdesire_Radius[m[K, 1.0);
      |                                      [01;31m[K^~~~~~~~~~~~~[m[K
make[2]: *** [CMakeFiles/square_node.dir/build.make:63: CMakeFiles/square_node.dir/src/square_test.cpp.o] Error 1
make[1]: *** [CMakeFiles/Makefile2:212: CMakeFiles/square_node.dir/all] Error 2
make: *** [Makefile:141: all] Error 2
